{"name": "test_homePageTitle", "status": "failed", "statusDetails": {"message": "AssertionError: assert False", "trace": "self = <testCases.test_Login.Test_001_Login object at 0x0000021EDE3DA850>, setup = <selenium.webdriver.chrome.webdriver.WebDriver (session=\"dcf8b28153b390aacf4d3bf9a50c5606\")>\n\n    @allure.severity(allure.severity_level.MINOR)\n    def test_homePageTitle(self,setup):\n        # use setup fixture to remove duplicate code\n        self.driver = setup\n        self.driver.get(self.baseURL)\n    \n        act_title = self.driver.title\n        if act_title == \"Cogmento CRM1\":\n            assert True\n            self.driver.close()\n        else:\n            # allure.attach(self.driver.get_screenshot_as_png(),name=\"Title Not Matched\",attachment_type=AttachmentType.PNG)\n            self.driver.save_screenshot(\".\\\\Screenshot\\\\\"+\"test_homePageTitle.png\")\n            self.driver.close()\n>           assert False\nE           assert False\n\ntestCases\\test_Login.py:29: AssertionError"}, "start": 1744980551661, "stop": 1744980556814, "uuid": "ad3d0a45-3024-4306-a5ba-fc03d2c02539", "historyId": "b49b1fafe6dd4671447378f9256bcaf5", "testCaseId": "b49b1fafe6dd4671447378f9256bcaf5", "fullName": "testCases.test_Login.Test_001_Login#test_homePageTitle", "labels": [{"name": "severity", "value": "minor"}, {"name": "parentSuite", "value": "testCases"}, {"name": "suite", "value": "test_Login"}, {"name": "subSuite", "value": "Test_001_Login"}, {"name": "host", "value": "SOS-LT-058"}, {"name": "thread", "value": "14696-MainThread"}, {"name": "framework", "value": "pytest"}, {"name": "language", "value": "cpython3"}, {"name": "package", "value": "testCases.test_Login"}]}